<?xml version="1.0" encoding="UTF-8"?>
<!-- Generated by org.testng.reporters.JUnitReportReporter -->
<testsuite skipped="0" hostname="iitc-ws-qa33" name="com.codebind.Homepage" tests="1" failures="0" timestamp="26 Oct 2018 09:08:10 GMT" time="29.938" errors="0">
  <testcase name="basepagenavigation" time="29.938" classname="com.codebind.Homepage"/>
</testsuite> <!-- com.codebind.Homepage -->
