<?xml version="1.0" encoding="UTF-8"?>
<!-- Generated by org.testng.reporters.JUnitReportReporter -->
<testsuite skipped="0" hostname="CHMAYUR" name="com.codebind.NewTest" tests="1" failures="0" timestamp="31 May 2018 01:56:49 GMT" time="26.798" errors="0">
  <testcase name="basepagenavigation" time="26.798" classname="com.codebind.NewTest"/>
</testsuite> <!-- com.codebind.NewTest -->
