<?xml version="1.0" encoding="UTF-8"?>
<!-- Generated by org.testng.reporters.JUnitReportReporter -->
<testsuite skipped="0" hostname="IITC-WS-QA33" name="com.codebind.ValidateSigninwithGoogle" tests="1" failures="0" timestamp="21 Jun 2018 04:22:06 GMT" time="38.028" errors="0">
  <testcase name="basepagenavigation" time="38.028" classname="com.codebind.ValidateSigninwithGoogle"/>
</testsuite> <!-- com.codebind.ValidateSigninwithGoogle -->
